al ingresar como admin sale:



browser-sdk-load.service.ts:35 WebAssembly is supported in this environment

chrome-extension://j…hlh/background.js:1 Uncaught (in promise) Error: Could not establish connection. Receiving end does not exist.

console-log.service.ts:43 WASM SDK loaded in 40ms

console-log.service.ts:43 State version: 77

console-log.service.ts:43 Migrator Yl (to version 3) should migrate: false - up

console-log.service.ts:43 Migrator ja (to version 4) should migrate: false - up

console-log.service.ts:43 Migrator xs (to version 5) should migrate: false - up

console-log.service.ts:43 Migrator lo (to version 6) should migrate: false - up

console-log.service.ts:43 Migrator hl (to version 7) should migrate: false - up

console-log.service.ts:43 Migrator Hl (to version 8) should migrate: false - up

console-log.service.ts:43 Migrator Jl (to version 9) should migrate: false - up

console-log.service.ts:43 Migrator Ur (to version 10) should migrate: false - up

console-log.service.ts:43 Migrator Lr (to version 11) should migrate: false - up

console-log.service.ts:43 Migrator $r (to version 12) should migrate: false - up

console-log.service.ts:43 Migrator Hr (to version 13) should migrate: false - up

console-log.service.ts:43 Migrator Qr (to version 14) should migrate: false - up

console-log.service.ts:43 Migrator Zr (to version 15) should migrate: false - up

console-log.service.ts:43 Migrator rn (to version 16) should migrate: false - up

console-log.service.ts:43 Migrator sn (to version 17) should migrate: false - up

console-log.service.ts:43 Migrator cn (to version 18) should migrate: false - up

console-log.service.ts:43 Migrator hn (to version 19) should migrate: false - up

console-log.service.ts:43 Migrator gn (to version 20) should migrate: false - up

console-log.service.ts:43 Migrator vn (to version 21) should migrate: false - up

console-log.service.ts:43 Migrator kn (to version 22) should migrate: false - up

console-log.service.ts:43 Migrator Cn (to version 23) should migrate: false - up

console-log.service.ts:43 Migrator zn (to version 24) should migrate: false - up

console-log.service.ts:43 Migrator jn (to version 25) should migrate: false - up

console-log.service.ts:43 Migrator On (to version 26) should migrate: false - up

console-log.service.ts:43 Migrator Rn (to version 27) should migrate: false - up

console-log.service.ts:43 Migrator qn (to version 28) should migrate: false - up

console-log.service.ts:43 Migrator Mn (to version 29) should migrate: false - up

console-log.service.ts:43 Migrator Wn (to version 30) should migrate: false - up

console-log.service.ts:43 Migrator Jn (to version 31) should migrate: false - up

console-log.service.ts:43 Migrator Xn (to version 32) should migrate: false - up

console-log.service.ts:43 Migrator na (to version 33) should migrate: false - up

console-log.service.ts:43 Migrator ca (to version 34) should migrate: false - up

console-log.service.ts:43 Migrator ha (to version 35) should migrate: false - up

console-log.service.ts:43 Migrator ga (to version 36) should migrate: false - up

console-log.service.ts:43 Migrator va (to version 37) should migrate: false - up

console-log.service.ts:43 Migrator Ia (to version 38) should migrate: false - up

console-log.service.ts:43 Migrator Aa (to version 39) should migrate: false - up

console-log.service.ts:43 Migrator Fa (to version 40) should migrate: false - up

console-log.service.ts:43 Migrator Ba (to version 41) should migrate: false - up

console-log.service.ts:43 Migrator $a (to version 42) should migrate: false - up

console-log.service.ts:43 Migrator Ha (to version 43) should migrate: false - up

console-log.service.ts:43 Migrator Qa (to version 44) should migrate: false - up

console-log.service.ts:43 Migrator is (to version 45) should migrate: false - up

console-log.service.ts:43 Migrator as (to version 46) should migrate: false - up

console-log.service.ts:43 Migrator fs (to version 47) should migrate: false - up

console-log.service.ts:43 Migrator bs (to version 48) should migrate: false - up

console-log.service.ts:43 Migrator Ss (to version 49) should migrate: false - up

console-log.service.ts:43 Migrator zs (to version 50) should migrate: false - up

console-log.service.ts:43 Migrator js (to version 51) should migrate: false - up

console-log.service.ts:43 Migrator Ts (to version 52) should migrate: false - up

console-log.service.ts:43 Migrator Us (to version 53) should migrate: false - up

console-log.service.ts:43 Migrator qs (to version 54) should migrate: false - up

console-log.service.ts:43 Migrator Ks (to version 55) should migrate: false - up

console-log.service.ts:43 Migrator Js (to version 56) should migrate: false - up

console-log.service.ts:43 Migrator Zs (to version 57) should migrate: false - up

console-log.service.ts:43 Migrator io (to version 58) should migrate: false - up

console-log.service.ts:43 Migrator so (to version 59) should migrate: false - up

console-log.service.ts:43 Migrator mo (to version 60) should migrate: false - up

console-log.service.ts:43 Migrator wo (to version 61) should migrate: false - up

console-log.service.ts:43 Migrator zo (to version 62) should migrate: false - up

console-log.service.ts:43 Migrator Do (to version 63) should migrate: false - up

console-log.service.ts:43 Migrator Uo (to version 64) should migrate: false - up

console-log.service.ts:43 Migrator Go (to version 65) should migrate: false - up

console-log.service.ts:43 Migrator el (to version 66) should migrate: false - up

console-log.service.ts:43 Migrator rl (to version 67) should migrate: false - up

console-log.service.ts:43 Migrator sl (to version 68) should migrate: false - up

console-log.service.ts:43 Migrator ul (to version 69) should migrate: false - up

console-log.service.ts:43 Migrator gl (to version 70) should migrate: false - up

console-log.service.ts:43 Migrator vl (to version 71) should migrate: false - up

console-log.service.ts:43 Migrator kl (to version 72) should migrate: false - up

console-log.service.ts:43 Migrator El (to version 73) should migrate: false - up

console-log.service.ts:43 Migrator Pl (to version 74) should migrate: false - up

console-log.service.ts:43 Migrator Rl (to version 75) should migrate: false - up

console-log.service.ts:43 Migrator Bl (to version 76) should migrate: false - up

console-log.service.ts:43 Migrator Kl (to version 77) should migrate: false - up

background.js:2 Uncaught (in promise) Error: Duplicate script ID 'fido2-page-script-registration'

Access to fetch at 'https://identity.bitwarden.eu/connect/token' from origin 'chrome-extension://jbkfoedolllekgbhcbcoahefnbanhhlh' has been blocked by CORS policy: Response to preflight request doesn't pass access control check: No 'Access-Control-Allow-Origin' header is present on the requested resource.

console-log.service.ts:51 Unable to fetch ServerConfig from https://api.bitwarden.eu TypeError: Failed to fetch

    at B_.nativeFetch (api.service.ts:1354:12)

    at i (api.service.ts:1349:73)

    at B_.<anonymous> (api.service.ts:1350:12)

    at Generator.next (<anonymous>)

    at s (background.js:2:2359341)

write @ console-log.service.ts:51

console-log.service.ts:43 [TargetingRulesDataService] Update completed in 0ms

api.service.ts:1354   Uncaught (in promise) TypeError: Failed to fetch

    at B_.nativeFetch (api.service.ts:1354:12)

    at i (api.service.ts:1349:73)

    at B_.<anonymous> (api.service.ts:1350:12)

    at Generator.next (<anonymous>)

    at s (background.js:2:2359341)

Access to fetch at 'https://identity.bitwarden.eu/connect/token' from origin 'chrome-extension://jbkfoedolllekgbhcbcoahefnbanhhlh' has been blocked by CORS policy: Response to preflight request doesn't pass access control check: No 'Access-Control-Allow-Origin' header is present on the requested resource.

api.service.ts:1354   Uncaught (in promise) TypeError: Failed to fetch

    at B_.nativeFetch (api.service.ts:1354:12)

    at i (api.service.ts:1349:73)

    at B_.<anonymous> (api.service.ts:1350:12)

    at Generator.next (<anonymous>)

    at s (background.js:2:2359341)

console-log.service.ts:43 Using SignalR for server notifications

console-log.service.ts:43 Environment did not respond in time, emitting previous config.

console-log.service.ts:43 [TargetingRulesDataService] Update completed in 0ms

Access to fetch at 'https://identity.bitwarden.eu/connect/token' from origin 'chrome-extension://jbkfoedolllekgbhcbcoahefnbanhhlh' has been blocked by CORS policy: Response to preflight request doesn't pass access control check: No 'Access-Control-Allow-Origin' header is present on the requested resource.

console-log.service.ts:51 [SignalR] Failed to start the connection: TypeError: Failed to fetch

write @ console-log.service.ts:51

api.service.ts:1354   Uncaught (in promise) TypeError: Failed to fetch

    at B_.nativeFetch (api.service.ts:1354:12)

    at i (api.service.ts:1349:73)

    at B_.<anonymous> (api.service.ts:1350:12)

    at Generator.next (<anonymous>)

    at s (background.js:2:2359341)

Access to fetch at 'https://identity.bitwarden.eu/connect/token' from origin 'chrome-extension://jbkfoedolllekgbhcbcoahefnbanhhlh' has been blocked by CORS policy: Response to preflight request doesn't pass access control check: No 'Access-Control-Allow-Origin' header is present on the requested resource.

api.service.ts:1354   Uncaught (in promise) TypeError: Failed to fetch

    at B_.nativeFetch (api.service.ts:1354:12)

    at i (api.service.ts:1349:73)

    at B_.<anonymous> (api.service.ts:1350:12)

    at Generator.next (<anonymous>)

    at s (background.js:2:2359341)

Access to fetch at 'https://identity.bitwarden.eu/connect/token' from origin 'chrome-extension://jbkfoedolllekgbhcbcoahefnbanhhlh' has been blocked by CORS policy: Response to preflight request doesn't pass access control check: No 'Access-Control-Allow-Origin' header is present on the requested resource.

console-log.service.ts:51 [SignalR] Failed to start the connection: TypeError: Failed to fetch

write @ console-log.service.ts:51

api.service.ts:1354   Uncaught (in promise) TypeError: Failed to fetch

    at B_.nativeFetch (api.service.ts:1354:12)

    at i (api.service.ts:1349:73)

    at B_.<anonymous> (api.service.ts:1350:12)

    at Generator.next (<anonymous>)

    at s (background.js:2:2359341)

VM1511 23436b681d09a668.js:3 [AdminLogin] Attempting login for: admin@wilrop.com

VM1511 23436b681d09a668.js:3 [AdminLogin] Response status: 200

VM1511 23436b681d09a668.js:3 [AdminLogin] Response body: {success: true, admin: {…}}





y me sale esto al ingresar como revendedor, adicional algunos mensajes veo que debería mostrarse de otra manera en el front para tener claro porque no funciona:





login:1 Uncaught (in promise) Error: A listener indicated an asynchronous response by returning true, but the message channel closed before a response was received

login:1 Uncaught (in promise) Error: A listener indicated an asynchronous response by returning true, but the message channel closed before a response was received

login:1 Uncaught (in promise) Error: A listener indicated an asynchronous response by returning true, but the message channel closed before a response was received



login:1 Uncaught (in promise) Error: A listener indicated an asynchronous response by returning true, but the message channel closed before a response was received

login:1 Uncaught (in promise) Error: A listener indicated an asynchronous response by returning true, but the message channel closed before a response was received

login:1 Uncaught (in promise) Error: A listener indicated an asynchronous response by returning true, but the message channel closed before a response was received

login:1 Uncaught (in promise) Error: A listener indicated an asynchronous response by returning true, but the message channel closed before a response was received

login:1 Uncaught (in promise) Error: A listener indicated an asynchronous response by returning true, but the message channel closed before a response was received

login:1 Uncaught (in promise) Error: A listener indicated an asynchronous response by returning true, but the message channel closed before a response was received

0a9b1cd9254b7b42.js:3 [ResellerLogin] Attempting login for: socio@wilrop.com

0a9b1cd9254b7b42.js:3  POST https://wilropgroup.com/api/reseller/auth 401 (Unauthorized)

j @ 0a9b1cd9254b7b42.js:3

sY @ abc386bdde209760.js:1

(anonymous) @ abc386bdde209760.js:1

tD @ abc386bdde209760.js:1

s3 @ abc386bdde209760.js:1

fC @ abc386bdde209760.js:1

fP @ abc386bdde209760.js:1

0a9b1cd9254b7b42.js:3 [ResellerLogin] Response status: 401

0a9b1cd9254b7b42.js:3 [ResellerLogin] Response body: {success: false, error: 'No existe una cuenta revendedora activa con ese correo'}

0a9b1cd9254b7b42.js:3 [ResellerLogin] Login failed: Error: No existe una cuenta revendedora activa con ese correo

    at j (0a9b1cd9254b7b42.js:3:6857)

j @ 0a9b1cd9254b7b42.js:3

await in j

sY @ abc386bdde209760.js:1

(anonymous) @ abc386bdde209760.js:1

tD @ abc386bdde209760.js:1

s3 @ abc386bdde209760.js:1

fC @ abc386bdde209760.js:1

fP @ abc386bdde209760.js:1

0a9b1cd9254b7b42.js:3 [ResellerLogin] Attempting login for: jhonyalexalvarez@gmail.com

0a9b1cd9254b7b42.js:3  POST https://wilropgroup.com/api/reseller/auth 403 (Forbidden)

j @ 0a9b1cd9254b7b42.js:3

sY @ abc386bdde209760.js:1

(anonymous) @ abc386bdde209760.js:1

tD @ abc386bdde209760.js:1

s3 @ abc386bdde209760.js:1

fC @ abc386bdde209760.js:1

fP @ abc386bdde209760.js:1

0a9b1cd9254b7b42.js:3 [ResellerLogin] Response status: 403

0a9b1cd9254b7b42.js:3 [ResellerLogin] Response body: {success: false, error: 'Tu cuenta está pendiente de aprobación. Recibirás un email cuando sea activada.'}

0a9b1cd9254b7b42.js:3 [ResellerLogin] Login failed: Error: Tu cuenta está pendiente de aprobación. Recibirás un email cuando sea activada.

    at j (0a9b1cd9254b7b42.js:3:6857)

j @ 0a9b1cd9254b7b42.js:3

await in j

sY @ abc386bdde209760.js:1

(anonymous) @ abc386bdde209760.js:1

tD @ abc386bdde209760.js:1

s3 @ abc386bdde209760.js:1

fC @ abc386bdde209760.js:1

fP @ abc386bdde209760.js:1

