2026-May-18 15:57:03.363224 Docker 27.0.3 with BuildKit and Buildx detected on deployment server (localhost).
2026-May-18 15:57:03.372434 Starting deployment of <REDACTED>:cambiodigital/wilrop.git:main to localhost.
2026-May-18 15:57:04.218145 Preparing container with helper image: ghcr.io/coollabsio/coolify-helper:1.0.13
2026-May-18 15:57:04.660245 [CMD]: docker stop -t 30 uzeuwnijbnnfafqlc8o5w772
2026-May-18 15:57:04.660245 Error response from daemon: No such container: uzeuwnijbnnfafqlc8o5w772
2026-May-18 15:57:05.086190 [CMD]: docker run -d --network 'coolify' --name uzeuwnijbnnfafqlc8o5w772  --rm -v /var/run/docker.sock:/var/run/docker.sock ghcr.io/coollabsio/coolify-helper:1.0.13
2026-May-18 15:57:05.086190 5c07d1610d27a42cefa71ee5d740ddae944c5c6471ef7f90da57761fb1601d84
2026-May-18 15:57:09.741050 [CMD]: docker exec uzeuwnijbnnfafqlc8o5w772 bash -c 'GIT_SSH_COMMAND="ssh -o ConnectTimeout=30 -p 22 -o Port=22 -o LogLevel=ERROR -o StrictHostKeyChecking=no -o UserKnownHostsFile=/dev/null -i /root/.ssh/id_rsa" git ls-remote <REDACTED>:cambiodigital/wilrop.git refs/heads/main'
2026-May-18 15:57:09.741050 5dd7ed1c9d5656e12003aa8706a9969d84702bcd	refs/heads/main
2026-May-18 15:57:09.886581 ----------------------------------------
2026-May-18 15:57:09.893550 Importing <REDACTED>:cambiodigital/wilrop.git:main (commit sha 5dd7ed1c9d5656e12003aa8706a9969d84702bcd) to /artifacts/uzeuwnijbnnfafqlc8o5w772.
2026-May-18 15:57:10.507582 [CMD]: docker exec uzeuwnijbnnfafqlc8o5w772 bash -c 'mkdir -p /root/.ssh' && docker exec uzeuwnijbnnfafqlc8o5w772 bash -c 'echo '\''LS0tLS1CRUdJTiBPUEVOU1NIIFBSSVZBVEUgS0VZLS0tLS0KYjNCbGJuTnphQzFyWlhrdGRqRUFBQUFBQkc1dmJtVUFBQUFFYm05dVpRQUFBQUFBQUFBQkFBQUFNd0FBQUF0emMyZ3RaVwpReU5UVXhPUUFBQUNBdGpRZmZmbDE4WndGNVpzUjdIbjdVd1k4b1JvQll0Vm96MjY3UmZYM1Zwd0FBQUpoRUF6OXNSQU0vCmJBQUFBQXR6YzJndFpXUXlOVFV4T1FBQUFDQXRqUWZmZmwxOFp3RjVac1I3SG43VXdZOG9Sb0JZdFZvejI2N1JmWDNWcHcKQUFBRUNiSU04czdCd2FnM20wR1ZnNllDUWpLQ1VldDFxbjJVZUp2WGVXREJpTDJ5Mk5COTkrWFh4bkFYbG14SHNlZnRUQgpqeWhHZ0ZpMVdqUGJydEY5ZmRXbkFBQUFEbU52YjJ4cFpua3RkMmxzY205d0FRSURCQVVHQnc9PQotLS0tLUVORCBPUEVOU1NIIFBSSVZBVEUgS0VZLS0tLS0K'\'' | base64 -d | tee /root/.ssh/id_rsa > /dev/null' && docker exec uzeuwnijbnnfafqlc8o5w772 bash -c 'chmod 600 /root/.ssh/id_rsa' && docker exec uzeuwnijbnnfafqlc8o5w772 bash -c 'GIT_SSH_COMMAND="ssh -o ConnectTimeout=30 -p 22 -o Port=22 -o LogLevel=ERROR -o StrictHostKeyChecking=no -o UserKnownHostsFile=/dev/null -i /root/.ssh/id_rsa" git clone --depth=1 --recurse-submodules --shallow-submodules -b '\''main'\'' '\''<REDACTED>:cambiodigital/wilrop.git'\'' '\''/artifacts/uzeuwnijbnnfafqlc8o5w772'\'' && cd '\''/artifacts/uzeuwnijbnnfafqlc8o5w772'\'' && GIT_SSH_COMMAND="ssh -o ConnectTimeout=30 -p 22 -o Port=22 -o LogLevel=ERROR -o StrictHostKeyChecking=no -o UserKnownHostsFile=/dev/null -i /root/.ssh/id_rsa" git fetch --depth=1 origin '\''5dd7ed1c9d5656e12003aa8706a9969d84702bcd'\'' && git -c advice.detachedHead=false checkout '\''5dd7ed1c9d5656e12003aa8706a9969d84702bcd'\'' >/dev/null 2>&1 && cd '\''/artifacts/uzeuwnijbnnfafqlc8o5w772'\'' && if [ -f .gitmodules ]; then git submodule sync && GIT_SSH_COMMAND="ssh -o ConnectTimeout=30 -p 22 -o Port=22 -o LogLevel=ERROR -o StrictHostKeyChecking=no -o UserKnownHostsFile=/dev/null -i /root/.ssh/id_rsa" git submodule update --init --recursive --depth=1; fi && cd '\''/artifacts/uzeuwnijbnnfafqlc8o5w772'\'' && GIT_SSH_COMMAND="ssh -o ConnectTimeout=30 -p 22 -o Port=22 -o LogLevel=ERROR -o StrictHostKeyChecking=no -o UserKnownHostsFile=/dev/null -i /root/.ssh/id_rsa" git lfs pull'
2026-May-18 15:57:10.507582 Cloning into '/artifacts/uzeuwnijbnnfafqlc8o5w772'...
2026-May-18 15:57:15.031335 From github.com:cambiodigital/wilrop
2026-May-18 15:57:15.031335 * branch            5dd7ed1c9d5656e12003aa8706a9969d84702bcd -> FETCH_HEAD
2026-May-18 15:57:17.729044 [CMD]: docker exec uzeuwnijbnnfafqlc8o5w772 bash -c 'cd /artifacts/uzeuwnijbnnfafqlc8o5w772 && git log -1 '\''5dd7ed1c9d5656e12003aa8706a9969d84702bcd'\'' --pretty=%B'
2026-May-18 15:57:17.729044 Refactor transport and room selection queries to include provider and hotel details directly in the select statement for improved data retrieval efficiency.
2026-May-18 15:57:18.123085 Image not found (u3lniscxtfk1klnak223ta5d:5dd7ed1c9d5656e12003aa8706a9969d84702bcd). Building new image.
2026-May-18 15:57:19.790006 [CMD]: docker exec uzeuwnijbnnfafqlc8o5w772 bash -c 'cat /artifacts/uzeuwnijbnnfafqlc8o5w772/Dockerfile'
2026-May-18 15:57:19.790006 # ─────────────────────────────────────────────────────────────────────────────
2026-May-18 15:57:19.790006 # Stage 1 — deps: instala dependencias con Bun (reproducible)
2026-May-18 15:57:19.790006 # ─────────────────────────────────────────────────────────────────────────────
2026-May-18 15:57:19.790006 FROM oven/bun:1-alpine AS deps
2026-May-18 15:57:19.790006 
2026-May-18 15:57:19.790006 WORKDIR /app
2026-May-18 15:57:19.790006 
2026-May-18 15:57:19.790006 COPY package.json bun.lock ./
2026-May-18 15:57:19.790006 
2026-May-18 15:57:19.790006 # --frozen-lockfile garantiza reproducibilidad exacta del bun.lock
2026-May-18 15:57:19.790006 RUN bun install --frozen-lockfile
2026-May-18 15:57:19.790006 
2026-May-18 15:57:19.790006 # ─────────────────────────────────────────────────────────────────────────────
2026-May-18 15:57:19.790006 # Stage 2 — builder: genera el cliente Prisma y compila Next.js
2026-May-18 15:57:19.790006 # ─────────────────────────────────────────────────────────────────────────────
2026-May-18 15:57:19.790006 FROM node:22-alpine AS builder
2026-May-18 15:57:19.790006 
2026-May-18 15:57:19.790006 WORKDIR /app
2026-May-18 15:57:19.790006 
2026-May-18 15:57:19.790006 COPY --from=deps /app/node_modules ./node_modules
2026-May-18 15:57:19.790006 COPY . .
2026-May-18 15:57:19.790006 
2026-May-18 15:57:19.790006 ENV NEXT_TELEMETRY_DISABLED=1
2026-May-18 15:57:19.790006 
2026-May-18 15:57:19.790006 # Genera el cliente Prisma para la plataforma linux-musl (Alpine)
2026-May-18 15:57:19.790006 RUN node /app/node_modules/prisma/build/index.js generate
2026-May-18 15:57:19.790006 
2026-May-18 15:57:19.790006 # Compila Next.js en modo standalone;
2026-May-18 15:57:19.790006 # el script de build también copia static/ y public/ dentro de .next/standalone/
2026-May-18 15:57:19.790006 RUN node /app/node_modules/next/dist/bin/next build \
2026-May-18 15:57:19.790006 && cp -r .next/static .next/standalone/.next/ \
2026-May-18 15:57:19.790006 && cp -r public .next/standalone/
2026-May-18 15:57:19.790006 
2026-May-18 15:57:19.790006 # ─────────────────────────────────────────────────────────────────────────────
2026-May-18 15:57:19.790006 # Stage 3 — runner: imagen de producción mínima
2026-May-18 15:57:19.790006 # ─────────────────────────────────────────────────────────────────────────────
2026-May-18 15:57:19.790006 FROM node:22-alpine AS runner
2026-May-18 15:57:19.790006 
2026-May-18 15:57:19.790006 WORKDIR /app
2026-May-18 15:57:19.790006 
2026-May-18 15:57:19.790006 ENV NODE_ENV=production
2026-May-18 15:57:19.790006 ENV NEXT_TELEMETRY_DISABLED=1
2026-May-18 15:57:19.790006 ENV PORT=3000
2026-May-18 15:57:19.790006 ENV HOSTNAME="0.0.0.0"
2026-May-18 15:57:19.790006 
2026-May-18 15:57:19.790006 RUN apk add --no-cache curl
2026-May-18 15:57:19.790006 
2026-May-18 15:57:19.790006 # Usuario no-root para seguridad (OWASP)
2026-May-18 15:57:19.790006 RUN addgroup --system --gid 1001 nodejs \
2026-May-18 15:57:19.790006 && adduser  --system --uid 1001 nextjs
2026-May-18 15:57:19.790006 
2026-May-18 15:57:19.790006 # ── Next.js standalone ────────────────────────────────────────────────────────
2026-May-18 15:57:19.790006 # Incluye server.js + node_modules mínimos de Next.js
2026-May-18 15:57:19.790006 COPY --from=builder --chown=nextjs:nodejs /app/.next/standalone ./
2026-May-18 15:57:19.790006 # Assets estáticos
2026-May-18 15:57:19.790006 COPY --from=builder --chown=nextjs:nodejs /app/.next/static     ./.next/static
2026-May-18 15:57:19.790006 # Archivos públicos
2026-May-18 15:57:19.790006 COPY --from=builder --chown=nextjs:nodejs /app/public           ./public
2026-May-18 15:57:19.790006 
2026-May-18 15:57:19.790006 # ── Prisma runtime ────────────────────────────────────────────────────────────
2026-May-18 15:57:19.790006 # Copia node_modules completo para asegurar dependencias transitivas del CLI
2026-May-18 15:57:19.790006 # (por ejemplo `effect`, requerido por @prisma/config en Prisma 6.x)
2026-May-18 15:57:19.790006 COPY --from=builder --chown=nextjs:nodejs /app/node_modules                 ./node_modules
2026-May-18 15:57:19.790006 # Schema + migraciones (necesarios en runtime para migrate deploy)
2026-May-18 15:57:19.790006 COPY --from=builder --chown=nextjs:nodejs /app/prisma                       ./prisma
2026-May-18 15:57:19.790006 # Scripts operativos usados por el entrypoint
2026-May-18 15:57:19.790006 COPY --from=builder --chown=nextjs:nodejs /app/scripts/ensure-admin.mjs      ./scripts/ensure-admin.mjs
2026-May-18 15:57:19.790006 COPY --from=builder --chown=nextjs:nodejs /app/src/lib/password.mjs         ./src/lib/password.mjs
2026-May-18 15:57:19.790006 COPY --from=builder --chown=nextjs:nodejs /app/src/lib/secure-compare.mjs   ./src/lib/secure-compare.mjs
2026-May-18 15:57:19.790006 
2026-May-18 15:57:19.790006 # ── Entrypoint ────────────────────────────────────────────────────────────────
2026-May-18 15:57:19.790006 COPY --chown=nextjs:nodejs docker-entrypoint.sh ./
2026-May-18 15:57:19.790006 RUN chmod +x docker-entrypoint.sh
2026-May-18 15:57:19.790006 
2026-May-18 15:57:19.790006 USER nextjs
2026-May-18 15:57:19.790006 
2026-May-18 15:57:19.790006 EXPOSE 3000
2026-May-18 15:57:19.790006 
2026-May-18 15:57:19.790006 ENTRYPOINT ["./docker-entrypoint.sh"]
2026-May-18 15:57:19.790006 CMD ["web"]
2026-May-18 15:57:20.283713 Creating build-time .env file in /artifacts (outside Docker context).
2026-May-18 15:57:21.194312 [CMD]: docker exec uzeuwnijbnnfafqlc8o5w772 bash -c 'cat /artifacts/uzeuwnijbnnfafqlc8o5w772/Dockerfile'
2026-May-18 15:57:21.194312 # ─────────────────────────────────────────────────────────────────────────────
2026-May-18 15:57:21.194312 # Stage 1 — deps: instala dependencias con Bun (reproducible)
2026-May-18 15:57:21.194312 # ─────────────────────────────────────────────────────────────────────────────
2026-May-18 15:57:21.194312 FROM oven/bun:1-alpine AS deps
2026-May-18 15:57:21.194312 
2026-May-18 15:57:21.194312 WORKDIR /app
2026-May-18 15:57:21.194312 
2026-May-18 15:57:21.194312 COPY package.json bun.lock ./
2026-May-18 15:57:21.194312 
2026-May-18 15:57:21.194312 # --frozen-lockfile garantiza reproducibilidad exacta del bun.lock
2026-May-18 15:57:21.194312 RUN bun install --frozen-lockfile
2026-May-18 15:57:21.194312 
2026-May-18 15:57:21.194312 # ─────────────────────────────────────────────────────────────────────────────
2026-May-18 15:57:21.194312 # Stage 2 — builder: genera el cliente Prisma y compila Next.js
2026-May-18 15:57:21.194312 # ─────────────────────────────────────────────────────────────────────────────
2026-May-18 15:57:21.194312 FROM node:22-alpine AS builder
2026-May-18 15:57:21.194312 
2026-May-18 15:57:21.194312 WORKDIR /app
2026-May-18 15:57:21.194312 
2026-May-18 15:57:21.194312 COPY --from=deps /app/node_modules ./node_modules
2026-May-18 15:57:21.194312 COPY . .
2026-May-18 15:57:21.194312 
2026-May-18 15:57:21.194312 ENV NEXT_TELEMETRY_DISABLED=1
2026-May-18 15:57:21.194312 
2026-May-18 15:57:21.194312 # Genera el cliente Prisma para la plataforma linux-musl (Alpine)
2026-May-18 15:57:21.194312 RUN node /app/node_modules/prisma/build/index.js generate
2026-May-18 15:57:21.194312 
2026-May-18 15:57:21.194312 # Compila Next.js en modo standalone;
2026-May-18 15:57:21.194312 # el script de build también copia static/ y public/ dentro de .next/standalone/
2026-May-18 15:57:21.194312 RUN node /app/node_modules/next/dist/bin/next build \
2026-May-18 15:57:21.194312 && cp -r .next/static .next/standalone/.next/ \
2026-May-18 15:57:21.194312 && cp -r public .next/standalone/
2026-May-18 15:57:21.194312 
2026-May-18 15:57:21.194312 # ─────────────────────────────────────────────────────────────────────────────
2026-May-18 15:57:21.194312 # Stage 3 — runner: imagen de producción mínima
2026-May-18 15:57:21.194312 # ─────────────────────────────────────────────────────────────────────────────
2026-May-18 15:57:21.194312 FROM node:22-alpine AS runner
2026-May-18 15:57:21.194312 
2026-May-18 15:57:21.194312 WORKDIR /app
2026-May-18 15:57:21.194312 
2026-May-18 15:57:21.194312 ENV NODE_ENV=production
2026-May-18 15:57:21.194312 ENV NEXT_TELEMETRY_DISABLED=1
2026-May-18 15:57:21.194312 ENV PORT=3000
2026-May-18 15:57:21.194312 ENV HOSTNAME="0.0.0.0"
2026-May-18 15:57:21.194312 
2026-May-18 15:57:21.194312 RUN apk add --no-cache curl
2026-May-18 15:57:21.194312 
2026-May-18 15:57:21.194312 # Usuario no-root para seguridad (OWASP)
2026-May-18 15:57:21.194312 RUN addgroup --system --gid 1001 nodejs \
2026-May-18 15:57:21.194312 && adduser  --system --uid 1001 nextjs
2026-May-18 15:57:21.194312 
2026-May-18 15:57:21.194312 # ── Next.js standalone ────────────────────────────────────────────────────────
2026-May-18 15:57:21.194312 # Incluye server.js + node_modules mínimos de Next.js
2026-May-18 15:57:21.194312 COPY --from=builder --chown=nextjs:nodejs /app/.next/standalone ./
2026-May-18 15:57:21.194312 # Assets estáticos
2026-May-18 15:57:21.194312 COPY --from=builder --chown=nextjs:nodejs /app/.next/static     ./.next/static
2026-May-18 15:57:21.194312 # Archivos públicos
2026-May-18 15:57:21.194312 COPY --from=builder --chown=nextjs:nodejs /app/public           ./public
2026-May-18 15:57:21.194312 
2026-May-18 15:57:21.194312 # ── Prisma runtime ────────────────────────────────────────────────────────────
2026-May-18 15:57:21.194312 # Copia node_modules completo para asegurar dependencias transitivas del CLI
2026-May-18 15:57:21.194312 # (por ejemplo `effect`, requerido por @prisma/config en Prisma 6.x)
2026-May-18 15:57:21.194312 COPY --from=builder --chown=nextjs:nodejs /app/node_modules                 ./node_modules
2026-May-18 15:57:21.194312 # Schema + migraciones (necesarios en runtime para migrate deploy)
2026-May-18 15:57:21.194312 COPY --from=builder --chown=nextjs:nodejs /app/prisma                       ./prisma
2026-May-18 15:57:21.194312 # Scripts operativos usados por el entrypoint
2026-May-18 15:57:21.194312 COPY --from=builder --chown=nextjs:nodejs /app/scripts/ensure-admin.mjs      ./scripts/ensure-admin.mjs
2026-May-18 15:57:21.194312 COPY --from=builder --chown=nextjs:nodejs /app/src/lib/password.mjs         ./src/lib/password.mjs
2026-May-18 15:57:21.194312 COPY --from=builder --chown=nextjs:nodejs /app/src/lib/secure-compare.mjs   ./src/lib/secure-compare.mjs
2026-May-18 15:57:21.194312 
2026-May-18 15:57:21.194312 # ── Entrypoint ────────────────────────────────────────────────────────────────
2026-May-18 15:57:21.194312 COPY --chown=nextjs:nodejs docker-entrypoint.sh ./
2026-May-18 15:57:21.194312 RUN chmod +x docker-entrypoint.sh
2026-May-18 15:57:21.194312 
2026-May-18 15:57:21.194312 USER nextjs
2026-May-18 15:57:21.194312 
2026-May-18 15:57:21.194312 EXPOSE 3000
2026-May-18 15:57:21.194312 
2026-May-18 15:57:21.194312 ENTRYPOINT ["./docker-entrypoint.sh"]
2026-May-18 15:57:21.194312 CMD ["web"]
2026-May-18 15:57:21.249344 Final Dockerfile:
2026-May-18 15:57:22.056487 [CMD]: docker exec uzeuwnijbnnfafqlc8o5w772 bash -c 'cat /artifacts/uzeuwnijbnnfafqlc8o5w772/Dockerfile'
2026-May-18 15:57:22.056487 # ─────────────────────────────────────────────────────────────────────────────
2026-May-18 15:57:22.056487 # Stage 1 — deps: instala dependencias con Bun (reproducible)
2026-May-18 15:57:22.056487 # ─────────────────────────────────────────────────────────────────────────────
2026-May-18 15:57:22.056487 FROM oven/bun:1-alpine AS deps
2026-May-18 15:57:22.056487 ARG WILROP_SESSION_SECRET=8vB2nM4lK6jH9gF7dS5aP3oI1uY0tR8eW6qQ4zX2cC1vB9nM7lK5jH3gF1dS8aP
2026-May-18 15:57:22.056487 ARG NEXTAUTH_SECRET=j5K8pL2mN9bV4xC7zQ1wS6eR3tY0uI8oA2sD5fG7hJ9kL1mN3bV5xC7zQ9wS1eR
2026-May-18 15:57:22.056487 ARG DATABASE_URL=postgresql://postgres:BirVMRXvLsJbSY71A1ZYPuY@vegu2zz4l0jkzpozriu0qxku:5432/postgres?schema=public
2026-May-18 15:57:22.056487 ARG NEXTAUTH_URL=https://wilropgroup.com
2026-May-18 15:<REDACTED>@vegu2zz4l0jkzpozriu0qxku:5432/postgres?schema=public
2026-May-18 15:57:22.056487 ARG NEXTAUTH_URL=https://wilropgroup.com
2026-May-18 15:<REDACTED>@vegu2zz4l0jkzpozriu0qxku:5432/postgres?schema=public
2026-May-18 15:57:22.056487 ARG NEXTAUTH_URL=https://wilropgroup.com
2026-May-18 15:<REDACTED>@prisma/config en Prisma 6.x)
2026-May-18 15:57:22.056487 COPY --from=builder --chown=nextjs:nodejs /app/node_modules                 ./node_modules
2026-May-18 15:57:22.056487 # Schema + migraciones (necesarios en runtime para migrate deploy)
2026-May-18 15:57:22.056487 COPY --from=builder --chown=nextjs:nodejs /app/prisma                       ./prisma
2026-May-18 15:57:22.056487 # Scripts operativos usados por el entrypoint
2026-May-18 15:57:22.056487 COPY --from=builder --chown=nextjs:nodejs /app/scripts/ensure-admin.mjs      ./scripts/ensure-admin.mjs
2026-May-18 15:57:22.056487 COPY --from=builder --chown=nextjs:nodejs /app/src/lib/password.mjs         ./src/lib/password.mjs
2026-May-18 15:57:22.056487 COPY --from=builder --chown=nextjs:nodejs /app/src/lib/secure-compare.mjs   ./src/lib/secure-compare.mjs
2026-May-18 15:57:22.056487 
2026-May-18 15:57:22.056487 # ── Entrypoint ────────────────────────────────────────────────────────────────
2026-May-18 15:57:22.056487 COPY --chown=nextjs:nodejs docker-entrypoint.sh ./
2026-May-18 15:57:22.056487 RUN chmod +x docker-entrypoint.sh
2026-May-18 15:57:22.056487 
2026-May-18 15:57:22.056487 USER nextjs
2026-May-18 15:57:22.056487 
2026-May-18 15:57:22.056487 EXPOSE 3000
2026-May-18 15:57:22.056487 
2026-May-18 15:57:22.056487 ENTRYPOINT ["./docker-entrypoint.sh"]
2026-May-18 15:57:22.056487 CMD ["web"]
2026-May-18 15:57:22.065845 ----------------------------------------
2026-May-18 15:57:22.074141 Building docker image started.
2026-May-18 15:57:22.082058 To check the current progress, click on Show Debug Logs.
2026-May-18 15:57:22.901669 [CMD]: docker exec uzeuwnijbnnfafqlc8o5w772 bash -c 'cat /artifacts/build.sh'
2026-May-18 15:57:22.901669 cd /artifacts/uzeuwnijbnnfafqlc8o5w772 && set -a && source /artifacts/build-time.env && set +a && DOCKER_BUILDKIT=1 docker build  --add-host coolify:10.0.1.7 --add-host coolify-db:10.0.1.4 --add-host coolify-realtime:10.0.1.5 --add-host coolify-redis:10.0.1.8 --add-host supabase-db-bswkoogk4co0o0w8gkwkcsoo:10.0.1.3 --add-host supabase-db-ws4cwskgkwowo08c00kkoscg:10.0.1.2 --add-host vegu2zz4l0jkzpozriu0qxku:10.0.1.9 --network host -f /artifacts/uzeuwnijbnnfafqlc8o5w772/Dockerfile --progress plain -t u3lniscxtfk1klnak223ta5d:5dd7ed1c9d5656e12003aa8706a9969d84702bcd --build-arg COOLIFY_URL --build-arg COOLIFY_FQDN --build-arg COOLIFY_BRANCH --build-arg COOLIFY_RESOURCE_UUID --build-arg WILROP_SESSION_SECRET --build-arg NEXTAUTH_SECRET --build-arg DATABASE_URL --build-arg NEXTAUTH_URL --build-arg WILROP_ADMIN_PASSWORD --build-arg NEXT_PUBLIC_SITE_URL --build-arg PORT --build-arg WILROP_ADMIN_RESET_PASSWORD --build-arg NEXT_TELEMETRY_DISABLED --build-arg COOLIFY_BUILD_SECRETS_HASH=152485c08da00698db1eb2662bbcd7163af85f8575e74d643c51bde6803905dd --build-arg 'COOLIFY_URL' --build-arg 'COOLIFY_FQDN' --build-arg 'COOLIFY_BRANCH' --build-arg 'COOLIFY_RESOURCE_UUID' /artifacts/uzeuwnijbnnfafqlc8o5w772
2026-May-18 15:57:23.700170 [CMD]: docker exec uzeuwnijbnnfafqlc8o5w772 bash -c 'bash /artifacts/build.sh'
2026-May-18 15:57:23.700170 #0 building with "default" instance using docker driver
2026-May-18 15:57:23.700170 
2026-May-18 15:57:23.700170 #1 [internal] load build definition from Dockerfile
2026-May-18 15:57:23.700170 #1 transferring dockerfile: 6.38kB done
2026-May-18 15:57:23.700170 #1 DONE 0.0s
2026-May-18 15:57:23.700170 
2026-May-18 15:57:23.700170 #2 [internal] load metadata for docker.io/library/node:22-alpine
2026-May-18 15:57:24.360863 #2 DONE 0.8s
2026-May-18 15:57:24.360863 
2026-May-18 15:57:24.360863 #3 [internal] load metadata for docker.io/oven/bun:1-alpine
2026-May-18 15:57:24.484101 #3 DONE 0.8s
2026-May-18 15:57:24.484101 
2026-May-18 15:57:24.484101 #4 [internal] load .dockerignore
2026-May-18 15:57:24.484101 #4 transferring context: 1.12kB done
2026-May-18 15:57:24.484101 #4 DONE 0.0s
2026-May-18 15:57:24.484101 
2026-May-18 15:57:24.484101 #5 [deps 1/4] FROM docker.io/oven/bun:1-alpine@sha256:5acc90a93e91ff07bf72aa90a7c9f0fa189765aec90b47bdbf2152d2196383c0
2026-May-18 15:57:24.484101 #5 DONE 0.0s
2026-May-18 15:57:24.484101 
2026-May-18 15:57:24.484101 #6 [builder 1/6] FROM docker.io/library/node:22-alpine@sha256:968df39aedcea65eeb078fb336ed7191baf48f972b4479711397108be0966920
2026-May-18 15:57:24.484101 #6 DONE 0.0s
2026-May-18 15:57:24.484101 
2026-May-18 15:57:24.484101 #7 [builder 2/6] WORKDIR /app
2026-May-18 15:57:24.484101 #7 CACHED
2026-May-18 15:57:24.484101 
2026-May-18 15:57:24.484101 #8 [runner  3/14] RUN apk add --no-cache curl
2026-May-18 15:57:24.484101 #8 CACHED
2026-May-18 15:57:24.484101 
2026-May-18 15:57:24.484101 #9 [runner  4/14] RUN addgroup --system --gid 1001 nodejs  && adduser  --system --uid 1001 nextjs
2026-May-18 15:57:24.484101 #9 CACHED
2026-May-18 15:57:24.484101 
2026-May-18 15:57:24.484101 #10 [internal] load build context
2026-May-18 15:57:24.484101 #10 transferring context: 5.12MB 0.1s done
2026-May-18 15:57:24.615884 #10 DONE 0.1s
2026-May-18 15:57:24.615884 
2026-May-18 15:57:24.615884 #11 [deps 3/4] COPY package.json bun.lock ./
2026-May-18 15:57:24.615884 #11 CACHED
2026-May-18 15:57:24.615884 
2026-May-18 15:57:24.615884 #12 [deps 4/4] RUN bun install --frozen-lockfile
2026-May-18 15:57:24.615884 #12 CACHED
2026-May-18 15:57:24.615884 
2026-May-18 15:57:24.615884 #13 [deps 2/4] WORKDIR /app
2026-May-18 15:57:24.615884 #13 CACHED
2026-May-18 15:57:24.615884 
2026-May-18 15:57:24.615884 #14 [builder 3/6] COPY --from=deps /app/node_modules ./node_modules
2026-May-18 15:57:24.615884 #14 CACHED
2026-May-18 15:57:24.615884 
2026-May-18 15:57:24.615884 #15 [builder 4/6] COPY . .
2026-May-18 15:57:24.615884 #15 DONE 0.1s
2026-May-18 15:57:24.768769 #16 [builder 5/6] RUN node /app/node_modules/prisma/build/index.js generate
2026-May-18 15:57:26.143737 #16 1.526 Prisma schema loaded from prisma/schema.prisma
2026-May-18 15:57:27.101758 #16 2.484
2026-May-18 15:57:27.101758 #16 2.484 ✔ Generated Prisma Client (v6.19.2) to ./node_modules/@prisma/client in 251ms
2026-May-18 15:57:27.101758 #16 2.484
2026-May-18 15:57:27.101758 #16 2.484 Start by importing your Prisma Client (See: https://pris.ly/d/importing-client)
2026-May-18 15:<REDACTED>@sha256:5acc90a93e91ff07bf72aa90a7c9f0fa189765aec90b47bdbf2152d2196383c0
2026-May-18 15:58:06.354503 #5 DONE 0.0s
2026-May-18 15:58:06.354503 
2026-May-18 15:58:06.354503 #6 [builder 1/6] FROM docker.io/library/node:22-alpine@sha256:968df39aedcea65eeb078fb336ed7191baf48f972b4479711397108be0966920
2026-May-18 15:58:06.354503 #6 DONE 0.0s
2026-May-18 15:58:06.354503 
2026-May-18 15:58:06.354503 #7 [builder 2/6] WORKDIR /app
2026-May-18 15:58:06.354503 #7 CACHED
2026-May-18 15:58:06.354503 
2026-May-18 15:58:06.354503 #8 [runner  3/14] RUN apk add --no-cache curl
2026-May-18 15:58:06.354503 #8 CACHED
2026-May-18 15:58:06.354503 
2026-May-18 15:58:06.354503 #9 [runner  4/14] RUN addgroup --system --gid 1001 nodejs  && adduser  --system --uid 1001 nextjs
2026-May-18 15:58:06.354503 #9 CACHED
2026-May-18 15:58:06.354503 
2026-May-18 15:58:06.354503 #10 [internal] load build context
2026-May-18 15:58:06.354503 #10 transferring context: 5.12MB 0.1s done
2026-May-18 15:58:06.354503 #10 DONE 0.1s
2026-May-18 15:58:06.354503 
2026-May-18 15:58:06.354503 #11 [deps 3/4] COPY package.json bun.lock ./
2026-May-18 15:58:06.354503 #11 CACHED
2026-May-18 15:58:06.354503 
2026-May-18 15:58:06.354503 #12 [deps 4/4] RUN bun install --frozen-lockfile
2026-May-18 15:58:06.354503 #12 CACHED
2026-May-18 15:58:06.354503 
2026-May-18 15:58:06.354503 #13 [deps 2/4] WORKDIR /app
2026-May-18 15:58:06.354503 #13 CACHED
2026-May-18 15:58:06.354503 
2026-May-18 15:58:06.354503 #14 [builder 3/6] COPY --from=deps /app/node_modules ./node_modules
2026-May-18 15:58:06.354503 #14 CACHED
2026-May-18 15:58:06.354503 
2026-May-18 15:58:06.354503 #15 [builder 4/6] COPY . .
2026-May-18 15:58:06.354503 #15 DONE 0.1s
2026-May-18 15:58:06.354503 
2026-May-18 15:58:06.354503 #16 [builder 5/6] RUN node /app/node_modules/prisma/build/index.js generate
2026-May-18 15:58:06.354503 #16 1.526 Prisma schema loaded from prisma/schema.prisma
2026-May-18 15:58:06.354503 #16 2.484
2026-May-18 15:58:06.354503 #16 2.484 ✔ Generated Prisma Client (v6.19.2) to ./node_modules/@prisma/client in 251ms
2026-May-18 15:58:06.354503 #16 2.484
2026-May-18 15:58:06.354503 #16 2.484 Start by importing your Prisma Client (See: https://pris.ly/d/importing-client)
2026-May-18 15:58:06.354503 #16 2.484
2026-May-18 15:58:06.354503 #16 2.484 Tip: Interested in query caching in just a few lines of code? Try Accelerate today! https://pris.ly/tip-3-accelerate
2026-May-18 15:58:06.354503 #16 2.484
2026-May-18 15:58:06.354503 #16 DONE 2.5s
2026-May-18 15:58:06.354503 
2026-May-18 15:58:06.354503 #17 [builder 6/6] RUN node /app/node_modules/next/dist/bin/next build  && cp -r .next/static .next/standalone/.next/  && cp -r public .next/standalone/
2026-May-18 15:58:06.354503 #17 1.497 ▲ Next.js 16.1.3 (Turbopack)
2026-May-18 15:58:06.354503 #17 1.499
2026-May-18 15:58:06.354503 #17 1.581   Creating an optimized production build ...
2026-May-18 15:58:06.354503 #17 19.27 ✓ Compiled successfully in 17.0s
2026-May-18 15:58:06.354503 #17 19.28   Running TypeScript ...
2026-May-18 15:58:06.354503 #17 38.59 Failed to compile.
2026-May-18 15:58:06.354503 #17 38.59
2026-May-18 15:58:06.354503 #17 38.59 ./src/components/reseller/ResellerCatalogItem.tsx:181:59
2026-May-18 15:58:06.354503 #17 38.59 Type error: Type 'void' is not assignable to type 'Promise<void>'.
2026-May-18 15:58:06.354503 #17 38.59
2026-May-18 15:58:06.354503 #17 38.59   179 |             className={item.featured ? 'text-amber-600' : 'text-gray-400'}
2026-May-18 15:58:06.354503 #17 38.59   180 |             disabled={loading === 'featured'}
2026-May-18 15:58:06.354503 #17 38.59 > 181 |             onClick={() => handleAction('featured', () => onToggleFeatured(item.id))}
2026-May-18 15:58:06.354503 #17 38.59       |                                                           ^
2026-May-18 15:58:06.354503 #17 38.59   182 |           >
2026-May-18 15:58:06.354503 #17 38.59   183 |             {loading === 'featured' ? (
2026-May-18 15:58:06.354503 #17 38.59   184 |               <Loader2 className="size-3 animate-spin" />
2026-May-18 15:58:06.354503 #17 38.77 Next.js build worker exited with code: 1 and signal: null
2026-May-18 15:58:06.354503 #17 ERROR: process "/bin/sh -c node /app/node_modules/next/dist/bin/next build  && cp -r .next/static .next/standalone/.next/  && cp -r public .next/standalone/" did not complete successfully: exit code: 1
2026-May-18 15:58:06.354503 ------
2026-May-18 15:58:06.354503 > [builder 6/6] RUN node /app/node_modules/next/dist/bin/next build  && cp -r .next/static .next/standalone/.next/  && cp -r public .next/standalone/:
2026-May-18 15:58:06.354503 38.59 Type error: Type 'void' is not assignable to type 'Promise<void>'.
2026-May-18 15:58:06.354503 38.59
2026-May-18 15:58:06.354503 38.59   179 |             className={item.featured ? 'text-amber-600' : 'text-gray-400'}
2026-May-18 15:58:06.354503 38.59   180 |             disabled={loading === 'featured'}
2026-May-18 15:58:06.354503 38.59 > 181 |             onClick={() => handleAction('featured', () => onToggleFeatured(item.id))}
2026-May-18 15:58:06.354503 38.59       |                                                           ^
2026-May-18 15:58:06.354503 38.59   182 |           >
2026-May-18 15:58:06.354503 38.59   183 |             {loading === 'featured' ? (
2026-May-18 15:58:06.354503 38.59   184 |               <Loader2 className="size-3 animate-spin" />
2026-May-18 15:58:06.354503 38.77 Next.js build worker exited with code: 1 and signal: null
2026-May-18 15:58:06.354503 ------
2026-May-18 15:58:06.354503 Dockerfile:56
2026-May-18 15:58:06.354503 --------------------
2026-May-18 15:58:06.354503 55 |     # el script de build también copia static/ y public/ dentro de .next/standalone/
2026-May-18 15:58:06.354503 56 | >>> RUN node /app/node_modules/next/dist/bin/next build \
2026-May-18 15:58:06.354503 57 | >>>  && cp -r .next/static .next/standalone/.next/ \
2026-May-18 15:58:06.354503 58 | >>>  && cp -r public .next/standalone/
2026-May-18 15:58:06.354503 59 |
2026-May-18 15:58:06.354503 --------------------
2026-May-18 15:58:06.354503 ERROR: failed to build: failed to solve: process "/bin/sh -c node /app/node_modules/next/dist/bin/next build  && cp -r .next/static .next/standalone/.next/  && cp -r public .next/standalone/" did not complete successfully: exit code: 1
2026-May-18 15:58:06.354503 exit status 1
2026-May-18 15:58:06.369667 Error type: App\Exceptions\DeploymentException
2026-May-18 15:58:06.382673 Error code: 0
2026-May-18 15:58:06.393218 Location: /var/www/html/app/Traits/ExecuteRemoteCommand.php:242
2026-May-18 15:58:06.403368 Stack trace (first 5 lines):
2026-May-18 15:58:06.414604 #0 /var/www/html/app/Traits/ExecuteRemoteCommand.php(106): App\Jobs\ApplicationDeploymentJob->executeCommandWithProcess()
2026-May-18 15:58:06.428008 #1 /var/www/html/vendor/laravel/framework/src/Illuminate/Collections/Traits/EnumeratesValues.php(275): App\Jobs\ApplicationDeploymentJob->{closure:App\Traits\ExecuteRemoteCommand::execute_remote_command():72}()
2026-May-18 15:58:06.437229 #2 /var/www/html/app/Traits/ExecuteRemoteCommand.php(72): Illuminate\Support\Collection->each()
2026-May-18 15:58:06.451708 #3 /var/www/html/app/Jobs/ApplicationDeploymentJob.php(3290): App\Jobs\ApplicationDeploymentJob->execute_remote_command()
2026-May-18 15:58:06.471287 #4 /var/www/html/app/Jobs/ApplicationDeploymentJob.php(898): App\Jobs\ApplicationDeploymentJob->build_image()
2026-May-18 15:58:06.484761 ========================================
2026-May-18 15:58:06.497321 Deployment failed. Removing the new version of your application.
2026-May-18 15:58:08.676312 Gracefully shutting down build container: uzeuwnijbnnfafqlc8o5w772
2026-May-18 15:58:09.259204 [CMD]: docker stop -t 30 uzeuwnijbnnfafqlc8o5w772
2026-May-18 15:58:09.259204 uzeuwnijbnnfafqlc8o5w772